# JRE version: Java(TM) SE Runtime Environment (7.0_45-b18) (build 1.7.0_45-b18)
# Java VM: Java HotSpot(TM) 64-Bit Server VM (24.45-b08 mixed mode bsd-amd64 compressed oops)
Heap
 PSYoungGen      total 88576K, used 43989K [0x00000007d5500000, 0x00000007db600000, 0x0000000800000000)
  eden space 85504K, 47% used [0x00000007d5500000,0x00000007d7cfaa58,0x00000007da880000)
  from space 3072K, 99% used [0x00000007db300000,0x00000007db5fac80,0x00000007db600000)
  to   space 4608K, 0% used [0x00000007dad00000,0x00000007dad00000,0x00000007db180000)
 ParOldGen       total 87040K, used 84104K [0x0000000780000000, 0x0000000785500000, 0x00000007d5500000)
  object space 87040K, 96% used [0x0000000780000000,0x0000000785222398,0x0000000785500000)
 PSPermGen       total 21504K, used 17063K [0x000000077ae00000, 0x000000077c300000, 0x0000000780000000)
  object space 21504K, 79% used [0x000000077ae00000,0x000000077bea9d50,0x000000077c300000)
GC Heap History (10 events):
Event: 40.165 GC heap before
{Heap before GC invocations=92 (full 0):
 PSYoungGen      total 69120K, used 68634K [0x00000007d5500000, 0x00000007dbb80000, 0x0000000800000000)
  eden space 65536K, 100% used [0x00000007d5500000,0x00000007d9500000,0x00000007d9500000)
  from space 3584K, 86% used [0x00000007db580000,0x00000007db8869a8,0x00000007db900000)
  to   space 2560K, 0% used [0x00000007db900000,0x00000007db900000,0x00000007dbb80000)
 ParOldGen       total 87040K, used 79928K [0x0000000780000000, 0x0000000785500000, 0x00000007d5500000)
  object space 87040K, 91% used [0x0000000780000000,0x0000000784e0e278,0x0000000785500000)
 PSPermGen       total 21504K, used 17056K [0x000000077ae00000, 0x000000077c300000, 0x0000000780000000)
  object space 21504K, 79% used [0x000000077ae00000,0x000000077bea81a0,0x000000077c300000)
Event: 40.168 GC heap after
Heap after GC invocations=92 (full 0):
 PSYoungGen      total 66048K, used 2538K [0x00000007d5500000, 0x00000007dbb80000, 0x0000000800000000)
  eden space 63488K, 0% used [0x00000007d5500000,0x00000007d5500000,0x00000007d9300000)
  from space 2560K, 99% used [0x00000007db900000,0x00000007dbb7aa40,0x00000007dbb80000)
  to   space 5120K, 0% used [0x00000007db180000,0x00000007db180000,0x00000007db680000)
 ParOldGen       total 87040K, used 80728K [0x0000000780000000, 0x0000000785500000, 0x00000007d5500000)
  object space 87040K, 92% used [0x0000000780000000,0x0000000784ed6278,0x0000000785500000)
 PSPermGen       total 21504K, used 17056K [0x000000077ae00000, 0x000000077c300000, 0x0000000780000000)
  object space 21504K, 79% used [0x000000077ae00000,0x000000077bea81a0,0x000000077c300000)
}
Event: 40.440 GC heap before
{Heap before GC invocations=93 (full 0):
 PSYoungGen      total 66048K, used 66026K [0x00000007d5500000, 0x00000007dbb80000, 0x0000000800000000)
  eden space 63488K, 100% used [0x00000007d5500000,0x00000007d9300000,0x00000007d9300000)
  from space 2560K, 99% used [0x00000007db900000,0x00000007dbb7aa40,0x00000007dbb80000)
  to   space 5120K, 0% used [0x00000007db180000,0x00000007db180000,0x00000007db680000)
 ParOldGen       total 87040K, used 80728K [0x0000000780000000, 0x0000000785500000, 0x00000007d5500000)
  object space 87040K, 92% used [0x0000000780000000,0x0000000784ed6278,0x0000000785500000)
 PSPermGen       total 21504K, used 17056K [0x000000077ae00000, 0x000000077c300000, 0x0000000780000000)
  object space 21504K, 79% used [0x000000077ae00000,0x000000077bea81a0,0x000000077c300000)
Event: 40.444 GC heap after
Heap after GC invocations=93 (full 0):
 PSYoungGen      total 80384K, used 3791K [0x00000007d5500000, 0x00000007db980000, 0x0000000800000000)
  eden space 76288K, 0% used [0x00000007d5500000,0x00000007d5500000,0x00000007d9f80000)
  from space 4096K, 92% used [0x00000007db180000,0x00000007db533d38,0x00000007db580000)
  to   space 4096K, 0% used [0x00000007db580000,0x00000007db580000,0x00000007db980000)
 ParOldGen       total 87040K, used 83272K [0x0000000780000000, 0x0000000785500000, 0x00000007d5500000)
  object space 87040K, 95% used [0x0000000780000000,0x0000000785152398,0x0000000785500000)
 PSPermGen       total 21504K, used 17056K [0x000000077ae00000, 0x000000077c300000, 0x0000000780000000)
  object space 21504K, 79% used [0x000000077ae00000,0x000000077bea81a0,0x000000077c300000)
}
Event: 40.777 GC heap before
{Heap before GC invocations=94 (full 0):
 PSYoungGen      total 80384K, used 80079K [0x00000007d5500000, 0x00000007db980000, 0x0000000800000000)
  eden space 76288K, 100% used [0x00000007d5500000,0x00000007d9f80000,0x00000007d9f80000)
  from space 4096K, 92% used [0x00000007db180000,0x00000007db533d38,0x00000007db580000)
  to   space 4096K, 0% used [0x00000007db580000,0x00000007db580000,0x00000007db980000)
 ParOldGen       total 87040K, used 83272K [0x0000000780000000, 0x0000000785500000, 0x00000007d5500000)
  object space 87040K, 95% used [0x0000000780000000,0x0000000785152398,0x0000000785500000)
 PSPermGen       total 21504K, used 17056K [0x000000077ae00000, 0x000000077c300000, 0x0000000780000000)
  object space 21504K, 79% used [0x000000077ae00000,0x000000077bea8278,0x000000077c300000)
Event: 40.780 GC heap after
Heap after GC invocations=94 (full 0):
 PSYoungGen      total 95232K, used 3562K [0x00000007d5500000, 0x00000007db900000, 0x0000000800000000)
  eden space 91648K, 0% used [0x00000007d5500000,0x00000007d5500000,0x00000007dae80000)
  from space 3584K, 99% used [0x00000007db580000,0x00000007db8fab08,0x00000007db900000)
  to   space 5120K, 0% used [0x00000007daf00000,0x00000007daf00000,0x00000007db400000)
 ParOldGen       total 87040K, used 83584K [0x0000000780000000, 0x0000000785500000, 0x00000007d5500000)
  object space 87040K, 96% used [0x0000000780000000,0x00000007851a0398,0x0000000785500000)
 PSPermGen       total 21504K, used 17056K [0x000000077ae00000, 0x000000077c300000, 0x0000000780000000)
  object space 21504K, 79% used [0x000000077ae00000,0x000000077bea8278,0x000000077c300000)
}
Event: 41.190 GC heap before
{Heap before GC invocations=95 (full 0):
 PSYoungGen      total 95232K, used 95186K [0x00000007d5500000, 0x00000007db900000, 0x0000000800000000)
  eden space 91648K, 99% used [0x00000007d5500000,0x00000007dae7a098,0x00000007dae80000)
  from space 3584K, 99% used [0x00000007db580000,0x00000007db8fab08,0x00000007db900000)
  to   space 5120K, 0% used [0x00000007daf00000,0x00000007daf00000,0x00000007db400000)
 ParOldGen       total 87040K, used 83584K [0x0000000780000000, 0x0000000785500000, 0x00000007d5500000)
  object space 87040K, 96% used [0x0000000780000000,0x00000007851a0398,0x0000000785500000)
 PSPermGen       total 21504K, used 17056K [0x000000077ae00000, 0x000000077c300000, 0x0000000780000000)
  object space 21504K, 79% used [0x000000077ae00000,0x000000077bea8278,0x000000077c300000)
Event: 41.193 GC heap after
Heap after GC invocations=95 (full 0):
 PSYoungGen      total 92672K, used 3695K [0x00000007d5500000, 0x00000007db600000, 0x0000000800000000)
  eden space 88576K, 0% used [0x00000007d5500000,0x00000007d5500000,0x00000007dab80000)
  from space 4096K, 90% used [0x00000007daf00000,0x00000007db29be70,0x00000007db300000)
  to   space 3072K, 0% used [0x00000007db300000,0x00000007db300000,0x00000007db600000)
 ParOldGen       total 87040K, used 83688K [0x0000000780000000, 0x0000000785500000, 0x00000007d5500000)
  object space 87040K, 96% used [0x0000000780000000,0x00000007851ba398,0x0000000785500000)
 PSPermGen       total 21504K, used 17056K [0x000000077ae00000, 0x000000077c300000, 0x0000000780000000)
  object space 21504K, 79% used [0x000000077ae00000,0x000000077bea8278,0x000000077c300000)
}
Event: 41.530 GC heap before
{Heap before GC invocations=96 (full 0):
 PSYoungGen      total 92672K, used 92271K [0x00000007d5500000, 0x00000007db600000, 0x0000000800000000)
  eden space 88576K, 100% used [0x00000007d5500000,0x00000007dab80000,0x00000007dab80000)
  from space 4096K, 90% used [0x00000007daf00000,0x00000007db29be70,0x00000007db300000)
  to   space 3072K, 0% used [0x00000007db300000,0x00000007db300000,0x00000007db600000)
 ParOldGen       total 87040K, used 83688K [0x0000000780000000, 0x0000000785500000, 0x00000007d5500000)
  object space 87040K, 96% used [0x0000000780000000,0x00000007851ba398,0x0000000785500000)
 PSPermGen       total 21504K, used 17056K [0x000000077ae00000, 0x000000077c300000, 0x0000000780000000)
  object space 21504K, 79% used [0x000000077ae00000,0x000000077bea83d0,0x000000077c300000)
Event: 41.532 GC heap after
Heap after GC invocations=96 (full 0):
 PSYoungGen      total 88576K, used 3051K [0x00000007d5500000, 0x00000007db600000, 0x0000000800000000)
  eden space 85504K, 0% used [0x00000007d5500000,0x00000007d5500000,0x00000007da880000)
  from space 3072K, 99% used [0x00000007db300000,0x00000007db5fac80,0x00000007db600000)
  to   space 4608K, 0% used [0x00000007dad00000,0x00000007dad00000,0x00000007db180000)
 ParOldGen       total 87040K, used 84104K [0x0000000780000000, 0x0000000785500000, 0x00000007d5500000)
  object space 87040K, 96% used [0x0000000780000000,0x0000000785222398,0x0000000785500000)
 PSPermGen       total 21504K, used 17056K [0x000000077ae00000, 0x000000077c300000, 0x0000000780000000)
  object space 21504K, 79% used [0x000000077ae00000,0x000000077bea83d0,0x000000077c300000)
}

