# JRE version: Java(TM) SE Runtime Environment (8.0_161-b12) (build 1.8.0_161-b12)
# Java VM: Java HotSpot(TM) 64-Bit Server VM (25.161-b12 mixed mode linux-amd64 compressed oops)
Heap:
 PSYoungGen      total 881152K, used 144797K [0x0000000719000000, 0x000000075d480000, 0x00000007c0000000)
  eden space 872448K, 15% used [0x0000000719000000,0x000000072153cec8,0x000000074e400000)
  from space 8704K, 96% used [0x000000075bf00000,0x000000075c72a7a0,0x000000075c780000)
  to   space 13312K, 0% used [0x000000075c780000,0x000000075c780000,0x000000075d480000)
 ParOldGen       total 261632K, used 19306K [0x00000005cb000000, 0x00000005daf80000, 0x0000000719000000)
  object space 261632K, 7% used [0x00000005cb000000,0x00000005cc2da990,0x00000005daf80000)
 Metaspace       used 37692K, capacity 38258K, committed 38656K, reserved 1083392K
  class space    used 4151K, capacity 4314K, committed 4352K, reserved 1048576K
GC Heap History (10 events):
Event: 26.561 GC heap before
{Heap before GC invocations=15 (full 2):
 PSYoungGen      total 1022976K, used 1022537K [0x0000000719000000, 0x0000000759400000, 0x00000007c0000000)
  eden space 1013760K, 100% used [0x0000000719000000,0x0000000756e00000,0x0000000756e00000)
  from space 9216K, 95% used [0x0000000758b00000,0x00000007593927b0,0x0000000759400000)
  to   space 13824K, 0% used [0x0000000757900000,0x0000000757900000,0x0000000758680000)
 ParOldGen       total 261632K, used 17225K [0x00000005cb000000, 0x00000005daf80000, 0x0000000719000000)
  object space 261632K, 6% used [0x00000005cb000000,0x00000005cc0d27f0,0x00000005daf80000)
 Metaspace       used 37658K, capacity 38188K, committed 38656K, reserved 1083392K
  class space    used 4147K, capacity 4313K, committed 4352K, reserved 1048576K
Event: 26.567 GC heap after
Heap after GC invocations=15 (full 2):
 PSYoungGen      total 1038848K, used 8738K [0x0000000719000000, 0x000000075e800000, 0x00000007c0000000)
  eden space 1025024K, 0% used [0x0000000719000000,0x0000000719000000,0x0000000757900000)
  from space 13824K, 63% used [0x0000000757900000,0x0000000758188bc0,0x0000000758680000)
  to   space 13824K, 0% used [0x000000075da80000,0x000000075da80000,0x000000075e800000)
 ParOldGen       total 261632K, used 17233K [0x00000005cb000000, 0x00000005daf80000, 0x0000000719000000)
  object space 261632K, 6% used [0x00000005cb000000,0x00000005cc0d47f0,0x00000005daf80000)
 Metaspace       used 37658K, capacity 38188K, committed 38656K, reserved 1083392K
  class space    used 4147K, capacity 4313K, committed 4352K, reserved 1048576K
}
Event: 50.986 GC heap before
{Heap before GC invocations=16 (full 2):
 PSYoungGen      total 1038848K, used 1033762K [0x0000000719000000, 0x000000075e800000, 0x00000007c0000000)
  eden space 1025024K, 100% used [0x0000000719000000,0x0000000757900000,0x0000000757900000)
  from space 13824K, 63% used [0x0000000757900000,0x0000000758188bc0,0x0000000758680000)
  to   space 13824K, 0% used [0x000000075da80000,0x000000075da80000,0x000000075e800000)
 ParOldGen       total 261632K, used 17233K [0x00000005cb000000, 0x00000005daf80000, 0x0000000719000000)
  object space 261632K, 6% used [0x00000005cb000000,0x00000005cc0d47f0,0x00000005daf80000)
 Metaspace       used 37659K, capacity 38188K, committed 38656K, reserved 1083392K
  class space    used 4147K, capacity 4313K, committed 4352K, reserved 1048576K
Event: 50.996 GC heap after
Heap after GC invocations=16 (full 2):
 PSYoungGen      total 995840K, used 11607K [0x0000000719000000, 0x000000075e600000, 0x00000007c0000000)
  eden space 984064K, 0% used [0x0000000719000000,0x0000000719000000,0x0000000755100000)
  from space 11776K, 98% used [0x000000075da80000,0x000000075e5d5fd0,0x000000075e600000)
  to   space 14336K, 0% used [0x000000075ca00000,0x000000075ca00000,0x000000075d800000)
 ParOldGen       total 261632K, used 17233K [0x00000005cb000000, 0x00000005daf80000, 0x0000000719000000)
  object space 261632K, 6% used [0x00000005cb000000,0x00000005cc0d47f0,0x00000005daf80000)
 Metaspace       used 37659K, capacity 38188K, committed 38656K, reserved 1083392K
  class space    used 4147K, capacity 4313K, committed 4352K, reserved 1048576K
}
Event: 53.962 GC heap before
{Heap before GC invocations=17 (full 2):
 PSYoungGen      total 995840K, used 995671K [0x0000000719000000, 0x000000075e600000, 0x00000007c0000000)
  eden space 984064K, 100% used [0x0000000719000000,0x0000000755100000,0x0000000755100000)
  from space 11776K, 98% used [0x000000075da80000,0x000000075e5d5fd0,0x000000075e600000)
  to   space 14336K, 0% used [0x000000075ca00000,0x000000075ca00000,0x000000075d800000)
 ParOldGen       total 261632K, used 17233K [0x00000005cb000000, 0x00000005daf80000, 0x0000000719000000)
  object space 261632K, 6% used [0x00000005cb000000,0x00000005cc0d47f0,0x00000005daf80000)
 Metaspace       used 37659K, capacity 38188K, committed 38656K, reserved 1083392K
  class space    used 4147K, capacity 4313K, committed 4352K, reserved 1048576K
Event: 53.968 GC heap after
Heap after GC invocations=17 (full 2):
 PSYoungGen      total 955392K, used 10041K [0x0000000719000000, 0x000000075db00000, 0x00000007c0000000)
  eden space 945152K, 0% used [0x0000000719000000,0x0000000719000000,0x0000000752b00000)
  from space 10240K, 98% used [0x000000075ca00000,0x000000075d3ce7b0,0x000000075d400000)
  to   space 7168K, 0% used [0x000000075d400000,0x000000075d400000,0x000000075db00000)
 ParOldGen       total 261632K, used 17233K [0x00000005cb000000, 0x00000005daf80000, 0x0000000719000000)
  object space 261632K, 6% used [0x00000005cb000000,0x00000005cc0d47f0,0x00000005daf80000)
 Metaspace       used 37659K, capacity 38188K, committed 38656K, reserved 1083392K
  class space    used 4147K, capacity 4313K, committed 4352K, reserved 1048576K
}
Event: 56.798 GC heap before
{Heap before GC invocations=18 (full 2):
 PSYoungGen      total 955392K, used 955193K [0x0000000719000000, 0x000000075db00000, 0x00000007c0000000)
  eden space 945152K, 100% used [0x0000000719000000,0x0000000752b00000,0x0000000752b00000)
  from space 10240K, 98% used [0x000000075ca00000,0x000000075d3ce7b0,0x000000075d400000)
  to   space 7168K, 0% used [0x000000075d400000,0x000000075d400000,0x000000075db00000)
 ParOldGen       total 261632K, used 17233K [0x00000005cb000000, 0x00000005daf80000, 0x0000000719000000)
  object space 261632K, 6% used [0x00000005cb000000,0x00000005cc0d47f0,0x00000005daf80000)
 Metaspace       used 37659K, capacity 38188K, committed 38656K, reserved 1083392K
  class space    used 4147K, capacity 4313K, committed 4352K, reserved 1048576K
Event: 56.810 GC heap after
Heap after GC invocations=18 (full 2):
 PSYoungGen      total 914944K, used 7138K [0x0000000719000000, 0x000000075db00000, 0x00000007c0000000)
  eden space 907776K, 0% used [0x0000000719000000,0x0000000719000000,0x0000000750680000)
  from space 7168K, 99% used [0x000000075d400000,0x000000075daf8bd0,0x000000075db00000)
  to   space 14336K, 0% used [0x000000075bf00000,0x000000075bf00000,0x000000075cd00000)
 ParOldGen       total 261632K, used 19306K [0x00000005cb000000, 0x00000005daf80000, 0x0000000719000000)
  object space 261632K, 7% used [0x00000005cb000000,0x00000005cc2da990,0x00000005daf80000)
 Metaspace       used 37659K, capacity 38188K, committed 38656K, reserved 1083392K
  class space    used 4147K, capacity 4313K, committed 4352K, reserved 1048576K
}
Event: 59.809 GC heap before
{Heap before GC invocations=19 (full 2):
 PSYoungGen      total 914944K, used 914914K [0x0000000719000000, 0x000000075db00000, 0x00000007c0000000)
  eden space 907776K, 100% used [0x0000000719000000,0x0000000750680000,0x0000000750680000)
  from space 7168K, 99% used [0x000000075d400000,0x000000075daf8bd0,0x000000075db00000)
  to   space 14336K, 0% used [0x000000075bf00000,0x000000075bf00000,0x000000075cd00000)
 ParOldGen       total 261632K, used 19306K [0x00000005cb000000, 0x00000005daf80000, 0x0000000719000000)
  object space 261632K, 7% used [0x00000005cb000000,0x00000005cc2da990,0x00000005daf80000)
 Metaspace       used 37659K, capacity 38188K, committed 38656K, reserved 1083392K
  class space    used 4147K, capacity 4313K, committed 4352K, reserved 1048576K
Event: 59.814 GC heap after
Heap after GC invocations=19 (full 2):
 PSYoungGen      total 881152K, used 8361K [0x0000000719000000, 0x000000075d480000, 0x00000007c0000000)
  eden space 872448K, 0% used [0x0000000719000000,0x0000000719000000,0x000000074e400000)
  from space 8704K, 96% used [0x000000075bf00000,0x000000075c72a7a0,0x000000075c780000)
  to   space 13312K, 0% used [0x000000075c780000,0x000000075c780000,0x000000075d480000)
 ParOldGen       total 261632K, used 19306K [0x00000005cb000000, 0x00000005daf80000, 0x0000000719000000)
  object space 261632K, 7% used [0x00000005cb000000,0x00000005cc2da990,0x00000005daf80000)
 Metaspace       used 37659K, capacity 38188K, committed 38656K, reserved 1083392K
  class space    used 4147K, capacity 4313K, committed 4352K, reserved 1048576K
}

