# JRE version: Java(TM) SE Runtime Environment (8.0_161-b12) (build 1.8.0_161-b12)
# Java VM: Java HotSpot(TM) 64-Bit Server VM (25.161-b12 mixed mode linux-amd64 compressed oops)
Heap:
 PSYoungGen      total 649728K, used 300226K [0x0000000719000000, 0x0000000743200000, 0x00000007c0000000)
  eden space 643072K, 45% used [0x0000000719000000,0x000000072aee8878,0x0000000740400000)
  from space 6656K, 96% used [0x0000000742b80000,0x00000007431c8160,0x0000000743200000)
  to   space 15872K, 0% used [0x0000000741300000,0x0000000741300000,0x0000000742280000)
 ParOldGen       total 325120K, used 17308K [0x00000005cb000000, 0x00000005ded80000, 0x0000000719000000)
  object space 325120K, 5% used [0x00000005cb000000,0x00000005cc0e72f8,0x00000005ded80000)
 Metaspace       used 36697K, capacity 37170K, committed 37632K, reserved 1083392K
  class space    used 4086K, capacity 4250K, committed 4352K, reserved 1048576K
GC Heap History (10 events):
Event: 4.061 GC heap before
{Heap before GC invocations=6 (full 2):
 PSYoungGen      total 279040K, used 258048K [0x0000000719000000, 0x0000000732100000, 0x00000007c0000000)
  eden space 258048K, 100% used [0x0000000719000000,0x0000000728c00000,0x0000000728c00000)
  from space 20992K, 0% used [0x0000000728c00000,0x0000000728c00000,0x000000072a080000)
  to   space 20992K, 0% used [0x0000000730c80000,0x0000000730c80000,0x0000000732100000)
 ParOldGen       total 325120K, used 17268K [0x00000005cb000000, 0x00000005ded80000, 0x0000000719000000)
  object space 325120K, 5% used [0x00000005cb000000,0x00000005cc0dd2f8,0x00000005ded80000)
 Metaspace       used 36119K, capacity 36584K, committed 37120K, reserved 1081344K
  class space    used 4080K, capacity 4249K, committed 4352K, reserved 1048576K
Event: 4.065 GC heap after
Heap after GC invocations=6 (full 2):
 PSYoungGen      total 357888K, used 3322K [0x0000000719000000, 0x0000000731180000, 0x00000007c0000000)
  eden space 352768K, 0% used [0x0000000719000000,0x0000000719000000,0x000000072e880000)
  from space 5120K, 64% used [0x0000000730c80000,0x0000000730fbeb68,0x0000000731180000)
  to   space 20992K, 0% used [0x000000072e880000,0x000000072e880000,0x000000072fd00000)
 ParOldGen       total 325120K, used 17276K [0x00000005cb000000, 0x00000005ded80000, 0x0000000719000000)
  object space 325120K, 5% used [0x00000005cb000000,0x00000005cc0df2f8,0x00000005ded80000)
 Metaspace       used 36119K, capacity 36584K, committed 37120K, reserved 1081344K
  class space    used 4080K, capacity 4249K, committed 4352K, reserved 1048576K
}
Event: 4.799 GC heap before
{Heap before GC invocations=7 (full 2):
 PSYoungGen      total 357888K, used 356090K [0x0000000719000000, 0x0000000731180000, 0x00000007c0000000)
  eden space 352768K, 100% used [0x0000000719000000,0x000000072e880000,0x000000072e880000)
  from space 5120K, 64% used [0x0000000730c80000,0x0000000730fbeb68,0x0000000731180000)
  to   space 20992K, 0% used [0x000000072e880000,0x000000072e880000,0x000000072fd00000)
 ParOldGen       total 325120K, used 17276K [0x00000005cb000000, 0x00000005ded80000, 0x0000000719000000)
  object space 325120K, 5% used [0x00000005cb000000,0x00000005cc0df2f8,0x00000005ded80000)
 Metaspace       used 36249K, capacity 36780K, committed 37376K, reserved 1083392K
  class space    used 4080K, capacity 4249K, committed 4352K, reserved 1048576K
Event: 4.802 GC heap after
Heap after GC invocations=7 (full 2):
 PSYoungGen      total 373760K, used 2736K [0x0000000719000000, 0x0000000737a80000, 0x00000007c0000000)
  eden space 352768K, 0% used [0x0000000719000000,0x0000000719000000,0x000000072e880000)
  from space 20992K, 13% used [0x000000072e880000,0x000000072eb2c080,0x000000072fd00000)
  to   space 17920K, 0% used [0x0000000736900000,0x0000000736900000,0x0000000737a80000)
 ParOldGen       total 325120K, used 17284K [0x00000005cb000000, 0x00000005ded80000, 0x0000000719000000)
  object space 325120K, 5% used [0x00000005cb000000,0x00000005cc0e12f8,0x00000005ded80000)
 Metaspace       used 36249K, capacity 36780K, committed 37376K, reserved 1083392K
  class space    used 4080K, capacity 4249K, committed 4352K, reserved 1048576K
}
Event: 5.519 GC heap before
{Heap before GC invocations=8 (full 2):
 PSYoungGen      total 373760K, used 355504K [0x0000000719000000, 0x0000000737a80000, 0x00000007c0000000)
  eden space 352768K, 100% used [0x0000000719000000,0x000000072e880000,0x000000072e880000)
  from space 20992K, 13% used [0x000000072e880000,0x000000072eb2c080,0x000000072fd00000)
  to   space 17920K, 0% used [0x0000000736900000,0x0000000736900000,0x0000000737a80000)
 ParOldGen       total 325120K, used 17284K [0x00000005cb000000, 0x00000005ded80000, 0x0000000719000000)
  object space 325120K, 5% used [0x00000005cb000000,0x00000005cc0e12f8,0x00000005ded80000)
 Metaspace       used 36336K, capacity 36844K, committed 37376K, reserved 1083392K
  class space    used 4081K, capacity 4249K, committed 4352K, reserved 1048576K
Event: 5.554 GC heap after
Heap after GC invocations=8 (full 2):
 PSYoungGen      total 484864K, used 2768K [0x0000000719000000, 0x000000073b180000, 0x00000007c0000000)
  eden space 466944K, 0% used [0x0000000719000000,0x0000000719000000,0x0000000735800000)
  from space 17920K, 15% used [0x0000000736900000,0x0000000736bb4070,0x0000000737a80000)
  to   space 17408K, 0% used [0x0000000735800000,0x0000000735800000,0x0000000736900000)
 ParOldGen       total 325120K, used 17292K [0x00000005cb000000, 0x00000005ded80000, 0x0000000719000000)
  object space 325120K, 5% used [0x00000005cb000000,0x00000005cc0e32f8,0x00000005ded80000)
 Metaspace       used 36336K, capacity 36844K, committed 37376K, reserved 1083392K
  class space    used 4081K, capacity 4249K, committed 4352K, reserved 1048576K
}
Event: 6.536 GC heap before
{Heap before GC invocations=9 (full 2):
 PSYoungGen      total 484864K, used 469712K [0x0000000719000000, 0x000000073b180000, 0x00000007c0000000)
  eden space 466944K, 100% used [0x0000000719000000,0x0000000735800000,0x0000000735800000)
  from space 17920K, 15% used [0x0000000736900000,0x0000000736bb4070,0x0000000737a80000)
  to   space 17408K, 0% used [0x0000000735800000,0x0000000735800000,0x0000000736900000)
 ParOldGen       total 325120K, used 17292K [0x00000005cb000000, 0x00000005ded80000, 0x0000000719000000)
  object space 325120K, 5% used [0x00000005cb000000,0x00000005cc0e32f8,0x00000005ded80000)
 Metaspace       used 36403K, capacity 36908K, committed 37376K, reserved 1083392K
  class space    used 4082K, capacity 4249K, committed 4352K, reserved 1048576K
Event: 6.539 GC heap after
Heap after GC invocations=9 (full 2):
 PSYoungGen      total 484352K, used 3216K [0x0000000719000000, 0x0000000743c00000, 0x00000007c0000000)
  eden space 466944K, 0% used [0x0000000719000000,0x0000000719000000,0x0000000735800000)
  from space 17408K, 18% used [0x0000000735800000,0x0000000735b24090,0x0000000736900000)
  to   space 16896K, 0% used [0x0000000742b80000,0x0000000742b80000,0x0000000743c00000)
 ParOldGen       total 325120K, used 17300K [0x00000005cb000000, 0x00000005ded80000, 0x0000000719000000)
  object space 325120K, 5% used [0x00000005cb000000,0x00000005cc0e52f8,0x00000005ded80000)
 Metaspace       used 36403K, capacity 36908K, committed 37376K, reserved 1083392K
  class space    used 4082K, capacity 4249K, committed 4352K, reserved 1048576K
}
Event: 7.493 GC heap before
{Heap before GC invocations=10 (full 2):
 PSYoungGen      total 484352K, used 470160K [0x0000000719000000, 0x0000000743c00000, 0x00000007c0000000)
  eden space 466944K, 100% used [0x0000000719000000,0x0000000735800000,0x0000000735800000)
  from space 17408K, 18% used [0x0000000735800000,0x0000000735b24090,0x0000000736900000)
  to   space 16896K, 0% used [0x0000000742b80000,0x0000000742b80000,0x0000000743c00000)
 ParOldGen       total 325120K, used 17300K [0x00000005cb000000, 0x00000005ded80000, 0x0000000719000000)
  object space 325120K, 5% used [0x00000005cb000000,0x00000005cc0e52f8,0x00000005ded80000)
 Metaspace       used 36659K, capacity 37164K, committed 37632K, reserved 1083392K
  class space    used 4082K, capacity 4249K, committed 4352K, reserved 1048576K
Event: 7.497 GC heap after
Heap after GC invocations=10 (full 2):
 PSYoungGen      total 649728K, used 6432K [0x0000000719000000, 0x0000000743200000, 0x00000007c0000000)
  eden space 643072K, 0% used [0x0000000719000000,0x0000000719000000,0x0000000740400000)
  from space 6656K, 96% used [0x0000000742b80000,0x00000007431c8160,0x0000000743200000)
  to   space 15872K, 0% used [0x0000000741300000,0x0000000741300000,0x0000000742280000)
 ParOldGen       total 325120K, used 17308K [0x00000005cb000000, 0x00000005ded80000, 0x0000000719000000)
  object space 325120K, 5% used [0x00000005cb000000,0x00000005cc0e72f8,0x00000005ded80000)
 Metaspace       used 36659K, capacity 37164K, committed 37632K, reserved 1083392K
  class space    used 4082K, capacity 4249K, committed 4352K, reserved 1048576K
}

