# JRE version: Java(TM) SE Runtime Environment (8.0_161-b12) (build 1.8.0_161-b12)
# Java VM: Java HotSpot(TM) 64-Bit Server VM (25.161-b12 mixed mode linux-amd64 compressed oops)
Heap:
 PSYoungGen      total 526336K, used 496689K [0x0000000719000000, 0x000000073ae80000, 0x00000007c0000000)
  eden space 522752K, 94% used [0x0000000719000000,0x00000007371dc418,0x0000000738e80000)
  from space 3584K, 91% used [0x000000073ab00000,0x000000073ae30090,0x000000073ae80000)
  to   space 16384K, 0% used [0x0000000738e80000,0x0000000738e80000,0x0000000739e80000)
 ParOldGen       total 334848K, used 17197K [0x00000005cb000000, 0x00000005df700000, 0x0000000719000000)
  object space 334848K, 5% used [0x00000005cb000000,0x00000005cc0cb570,0x00000005df700000)
 Metaspace       used 36620K, capacity 37138K, committed 37632K, reserved 1083392K
  class space    used 4081K, capacity 4282K, committed 4352K, reserved 1048576K
GC Heap History (10 events):
Event: 3.944 GC heap before
{Heap before GC invocations=6 (full 2):
 PSYoungGen      total 279040K, used 258048K [0x0000000719000000, 0x0000000732480000, 0x00000007c0000000)
  eden space 258048K, 100% used [0x0000000719000000,0x0000000728c00000,0x0000000728c00000)
  from space 20992K, 0% used [0x0000000728c00000,0x0000000728c00000,0x000000072a080000)
  to   space 20992K, 0% used [0x0000000731000000,0x0000000731000000,0x0000000732480000)
 ParOldGen       total 334848K, used 17157K [0x00000005cb000000, 0x00000005df700000, 0x0000000719000000)
  object space 334848K, 5% used [0x00000005cb000000,0x00000005cc0c1570,0x00000005df700000)
 Metaspace       used 36010K, capacity 36520K, committed 37120K, reserved 1081344K
  class space    used 4071K, capacity 4249K, committed 4352K, reserved 1048576K
Event: 3.948 GC heap after
Heap after GC invocations=6 (full 2):
 PSYoungGen      total 339968K, used 2970K [0x0000000719000000, 0x0000000731300000, 0x00000007c0000000)
  eden space 336896K, 0% used [0x0000000719000000,0x0000000719000000,0x000000072d900000)
  from space 3072K, 96% used [0x0000000731000000,0x00000007312e6ba8,0x0000000731300000)
  to   space 20992K, 0% used [0x000000072ea00000,0x000000072ea00000,0x000000072fe80000)
 ParOldGen       total 334848K, used 17165K [0x00000005cb000000, 0x00000005df700000, 0x0000000719000000)
  object space 334848K, 5% used [0x00000005cb000000,0x00000005cc0c3570,0x00000005df700000)
 Metaspace       used 36010K, capacity 36520K, committed 37120K, reserved 1081344K
  class space    used 4071K, capacity 4249K, committed 4352K, reserved 1048576K
}
Event: 4.608 GC heap before
{Heap before GC invocations=7 (full 2):
 PSYoungGen      total 339968K, used 339866K [0x0000000719000000, 0x0000000731300000, 0x00000007c0000000)
  eden space 336896K, 100% used [0x0000000719000000,0x000000072d900000,0x000000072d900000)
  from space 3072K, 96% used [0x0000000731000000,0x00000007312e6ba8,0x0000000731300000)
  to   space 20992K, 0% used [0x000000072ea00000,0x000000072ea00000,0x000000072fe80000)
 ParOldGen       total 334848K, used 17165K [0x00000005cb000000, 0x00000005df700000, 0x0000000719000000)
  object space 334848K, 5% used [0x00000005cb000000,0x00000005cc0c3570,0x00000005df700000)
 Metaspace       used 36362K, capacity 36940K, committed 37376K, reserved 1083392K
  class space    used 4076K, capacity 4281K, committed 4352K, reserved 1048576K
Event: 4.612 GC heap after
Heap after GC invocations=7 (full 2):
 PSYoungGen      total 375296K, used 2848K [0x0000000719000000, 0x0000000735600000, 0x00000007c0000000)
  eden space 354304K, 0% used [0x0000000719000000,0x0000000719000000,0x000000072ea00000)
  from space 20992K, 13% used [0x000000072ea00000,0x000000072ecc8080,0x000000072fe80000)
  to   space 17920K, 0% used [0x0000000734480000,0x0000000734480000,0x0000000735600000)
 ParOldGen       total 334848K, used 17173K [0x00000005cb000000, 0x00000005df700000, 0x0000000719000000)
  object space 334848K, 5% used [0x00000005cb000000,0x00000005cc0c5570,0x00000005df700000)
 Metaspace       used 36362K, capacity 36940K, committed 37376K, reserved 1083392K
  class space    used 4076K, capacity 4281K, committed 4352K, reserved 1048576K
}
Event: 5.303 GC heap before
{Heap before GC invocations=8 (full 2):
 PSYoungGen      total 375296K, used 357152K [0x0000000719000000, 0x0000000735600000, 0x00000007c0000000)
  eden space 354304K, 100% used [0x0000000719000000,0x000000072ea00000,0x000000072ea00000)
  from space 20992K, 13% used [0x000000072ea00000,0x000000072ecc8080,0x000000072fe80000)
  to   space 17920K, 0% used [0x0000000734480000,0x0000000734480000,0x0000000735600000)
 ParOldGen       total 334848K, used 17173K [0x00000005cb000000, 0x00000005df700000, 0x0000000719000000)
  object space 334848K, 5% used [0x00000005cb000000,0x00000005cc0c5570,0x00000005df700000)
 Metaspace       used 36441K, capacity 37004K, committed 37632K, reserved 1083392K
  class space    used 4077K, capacity 4281K, committed 4352K, reserved 1048576K
Event: 5.307 GC heap after
Heap after GC invocations=8 (full 2):
 PSYoungGen      total 447488K, used 3536K [0x0000000719000000, 0x0000000736000000, 0x00000007c0000000)
  eden space 429568K, 0% used [0x0000000719000000,0x0000000719000000,0x0000000733380000)
  from space 17920K, 19% used [0x0000000734480000,0x00000007347f40f0,0x0000000735600000)
  to   space 17408K, 0% used [0x0000000733380000,0x0000000733380000,0x0000000734480000)
 ParOldGen       total 334848K, used 17181K [0x00000005cb000000, 0x00000005df700000, 0x0000000719000000)
  object space 334848K, 5% used [0x00000005cb000000,0x00000005cc0c7570,0x00000005df700000)
 Metaspace       used 36441K, capacity 37004K, committed 37632K, reserved 1083392K
  class space    used 4077K, capacity 4281K, committed 4352K, reserved 1048576K
}
Event: 6.172 GC heap before
{Heap before GC invocations=9 (full 2):
 PSYoungGen      total 447488K, used 433104K [0x0000000719000000, 0x0000000736000000, 0x00000007c0000000)
  eden space 429568K, 100% used [0x0000000719000000,0x0000000733380000,0x0000000733380000)
  from space 17920K, 19% used [0x0000000734480000,0x00000007347f40f0,0x0000000735600000)
  to   space 17408K, 0% used [0x0000000733380000,0x0000000733380000,0x0000000734480000)
 ParOldGen       total 334848K, used 17181K [0x00000005cb000000, 0x00000005df700000, 0x0000000719000000)
  object space 334848K, 5% used [0x00000005cb000000,0x00000005cc0c7570,0x00000005df700000)
 Metaspace       used 36499K, capacity 37068K, committed 37632K, reserved 1083392K
  class space    used 4077K, capacity 4281K, committed 4352K, reserved 1048576K
Event: 6.181 GC heap after
Heap after GC invocations=9 (full 2):
 PSYoungGen      total 446976K, used 3584K [0x0000000719000000, 0x000000073bb80000, 0x00000007c0000000)
  eden space 429568K, 0% used [0x0000000719000000,0x0000000719000000,0x0000000733380000)
  from space 17408K, 20% used [0x0000000733380000,0x00000007337000c0,0x0000000734480000)
  to   space 16896K, 0% used [0x000000073ab00000,0x000000073ab00000,0x000000073bb80000)
 ParOldGen       total 334848K, used 17189K [0x00000005cb000000, 0x00000005df700000, 0x0000000719000000)
  object space 334848K, 5% used [0x00000005cb000000,0x00000005cc0c9570,0x00000005df700000)
 Metaspace       used 36499K, capacity 37068K, committed 37632K, reserved 1083392K
  class space    used 4077K, capacity 4281K, committed 4352K, reserved 1048576K
}
Event: 7.015 GC heap before
{Heap before GC invocations=10 (full 2):
 PSYoungGen      total 446976K, used 433152K [0x0000000719000000, 0x000000073bb80000, 0x00000007c0000000)
  eden space 429568K, 100% used [0x0000000719000000,0x0000000733380000,0x0000000733380000)
  from space 17408K, 20% used [0x0000000733380000,0x00000007337000c0,0x0000000734480000)
  to   space 16896K, 0% used [0x000000073ab00000,0x000000073ab00000,0x000000073bb80000)
 ParOldGen       total 334848K, used 17189K [0x00000005cb000000, 0x00000005df700000, 0x0000000719000000)
  object space 334848K, 5% used [0x00000005cb000000,0x00000005cc0c9570,0x00000005df700000)
 Metaspace       used 36573K, capacity 37132K, committed 37632K, reserved 1083392K
  class space    used 4077K, capacity 4281K, committed 4352K, reserved 1048576K
Event: 7.018 GC heap after
Heap after GC invocations=10 (full 2):
 PSYoungGen      total 526336K, used 3264K [0x0000000719000000, 0x000000073ae80000, 0x00000007c0000000)
  eden space 522752K, 0% used [0x0000000719000000,0x0000000719000000,0x0000000738e80000)
  from space 3584K, 91% used [0x000000073ab00000,0x000000073ae30090,0x000000073ae80000)
  to   space 16384K, 0% used [0x0000000738e80000,0x0000000738e80000,0x0000000739e80000)
 ParOldGen       total 334848K, used 17197K [0x00000005cb000000, 0x00000005df700000, 0x0000000719000000)
  object space 334848K, 5% used [0x00000005cb000000,0x00000005cc0cb570,0x00000005df700000)
 Metaspace       used 36573K, capacity 37132K, committed 37632K, reserved 1083392K
  class space    used 4077K, capacity 4281K, committed 4352K, reserved 1048576K
}

